<?xml version="1.0" encoding="UTF-8"?>
<testng-results ignored="0" total="3" passed="2" failed="1" skipped="0">
  <reporter-output>
  </reporter-output>
  <suite started-at="2022-06-30T16:19:12 IST" name="Default suite" finished-at="2022-06-30T16:19:40 IST" duration-ms="28545">
    <groups>
    </groups>
    <test started-at="2022-06-30T16:19:12 IST" name="Default test" finished-at="2022-06-30T16:19:40 IST" duration-ms="28545">
      <class name="TEST.LoginPageTest">
        <test-method is-config="true" signature="launchbrowser()[pri:0, instance:TEST.LoginPageTest@478190fc]" started-at="2022-06-30T16:19:12 IST" name="launchbrowser" finished-at="2022-06-30T16:19:20 IST" duration-ms="8464" status="PASS">
          <reporter-output>
          </reporter-output>
        </test-method> <!-- launchbrowser -->
        <test-method signature="login()[pri:0, instance:TEST.LoginPageTest@478190fc]" started-at="2022-06-30T16:19:20 IST" name="login" finished-at="2022-06-30T16:19:23 IST" duration-ms="3220" status="PASS">
          <reporter-output>
          </reporter-output>
        </test-method> <!-- login -->
        <test-method is-config="true" signature="screenshot()[pri:0, instance:TEST.LoginPageTest@478190fc]" started-at="2022-06-30T16:19:23 IST" name="screenshot" finished-at="2022-06-30T16:19:26 IST" duration-ms="2347" status="PASS">
          <reporter-output>
          </reporter-output>
        </test-method> <!-- screenshot -->
        <test-method is-config="true" signature="launchbrowser()[pri:0, instance:TEST.LoginPageTest@478190fc]" started-at="2022-06-30T16:19:26 IST" name="launchbrowser" finished-at="2022-06-30T16:19:32 IST" duration-ms="6064" status="PASS">
          <reporter-output>
          </reporter-output>
        </test-method> <!-- launchbrowser -->
        <test-method signature="t1()[pri:0, instance:TEST.LoginPageTest@478190fc]" started-at="2022-06-30T16:19:32 IST" name="t1" finished-at="2022-06-30T16:19:32 IST" duration-ms="9" status="FAIL">
          <exception class="java.lang.ArithmeticException">
            <message>
              <![CDATA[/ by zero]]>
            </message>
            <full-stacktrace>
              <![CDATA[java.lang.ArithmeticException: / by zero
at TEST.LoginPageTest.t1(LoginPageTest.java:51)
at java.base/jdk.internal.reflect.NativeMethodAccessorImpl.invoke0(Native Method)
at java.base/jdk.internal.reflect.NativeMethodAccessorImpl.invoke(NativeMethodAccessorImpl.java:77)
at java.base/jdk.internal.reflect.DelegatingMethodAccessorImpl.invoke(DelegatingMethodAccessorImpl.java:43)
at java.base/java.lang.reflect.Method.invoke(Method.java:568)
at org.testng.internal.MethodInvocationHelper.invokeMethod(MethodInvocationHelper.java:133)
at org.testng.internal.TestInvoker.invokeMethod(TestInvoker.java:598)
at org.testng.internal.TestInvoker.invokeTestMethod(TestInvoker.java:173)
at org.testng.internal.MethodRunner.runInSequence(MethodRunner.java:46)
at org.testng.internal.TestInvoker$MethodInvocationAgent.invoke(TestInvoker.java:824)
at org.testng.internal.TestInvoker.invokeTestMethods(TestInvoker.java:146)
at org.testng.internal.TestMethodWorker.invokeTestMethods(TestMethodWorker.java:146)
at org.testng.internal.TestMethodWorker.run(TestMethodWorker.java:128)
at java.base/java.util.ArrayList.forEach(ArrayList.java:1511)
at org.testng.TestRunner.privateRun(TestRunner.java:794)
at org.testng.TestRunner.run(TestRunner.java:596)
at org.testng.SuiteRunner.runTest(SuiteRunner.java:377)
at org.testng.SuiteRunner.runSequentially(SuiteRunner.java:371)
at org.testng.SuiteRunner.privateRun(SuiteRunner.java:332)
at org.testng.SuiteRunner.run(SuiteRunner.java:276)
at org.testng.SuiteRunnerWorker.runSuite(SuiteRunnerWorker.java:53)
at org.testng.SuiteRunnerWorker.run(SuiteRunnerWorker.java:96)
at org.testng.TestNG.runSuitesSequentially(TestNG.java:1212)
at org.testng.TestNG.runSuitesLocally(TestNG.java:1134)
at org.testng.TestNG.runSuites(TestNG.java:1063)
at org.testng.TestNG.run(TestNG.java:1031)
at org.testng.remote.AbstractRemoteTestNG.run(AbstractRemoteTestNG.java:115)
at org.testng.remote.RemoteTestNG.initAndRun(RemoteTestNG.java:251)
at org.testng.remote.RemoteTestNG.main(RemoteTestNG.java:77)
]]>
            </full-stacktrace>
          </exception> <!-- java.lang.ArithmeticException -->
          <reporter-output>
          </reporter-output>
        </test-method> <!-- t1 -->
        <test-method is-config="true" signature="screenshot()[pri:0, instance:TEST.LoginPageTest@478190fc]" started-at="2022-06-30T16:19:32 IST" name="screenshot" finished-at="2022-06-30T16:19:32 IST" duration-ms="288" status="PASS">
          <reporter-output>
          </reporter-output>
        </test-method> <!-- screenshot -->
        <test-method is-config="true" signature="launchbrowser()[pri:0, instance:TEST.LoginPageTest@478190fc]" started-at="2022-06-30T16:19:32 IST" name="launchbrowser" finished-at="2022-06-30T16:19:39 IST" duration-ms="7376" status="PASS">
          <reporter-output>
          </reporter-output>
        </test-method> <!-- launchbrowser -->
        <test-method signature="t2()[pri:0, instance:TEST.LoginPageTest@478190fc]" started-at="2022-06-30T16:19:39 IST" name="t2" finished-at="2022-06-30T16:19:39 IST" duration-ms="9" status="PASS">
          <reporter-output>
          </reporter-output>
        </test-method> <!-- t2 -->
        <test-method is-config="true" signature="screenshot()[pri:0, instance:TEST.LoginPageTest@478190fc]" started-at="2022-06-30T16:19:39 IST" name="screenshot" finished-at="2022-06-30T16:19:40 IST" duration-ms="579" status="PASS">
          <reporter-output>
          </reporter-output>
        </test-method> <!-- screenshot -->
      </class> <!-- TEST.LoginPageTest -->
    </test> <!-- Default test -->
  </suite> <!-- Default suite -->
</testng-results>
